0 info it worked if it ends with ok
1 verbose cli [ 'node', '/usr/bin/npm', 'install', '-g', 'lz-string' ]
2 info using npm@1.3.6
3 info using node@v0.10.42
4 verbose cache add [ 'lz-string', null ]
5 verbose cache add name=undefined spec="lz-string" args=["lz-string",null]
6 verbose parsed url { protocol: null,
6 verbose parsed url   slashes: null,
6 verbose parsed url   auth: null,
6 verbose parsed url   host: null,
6 verbose parsed url   port: null,
6 verbose parsed url   hostname: null,
6 verbose parsed url   hash: null,
6 verbose parsed url   search: null,
6 verbose parsed url   query: null,
6 verbose parsed url   pathname: 'lz-string',
6 verbose parsed url   path: 'lz-string',
6 verbose parsed url   href: 'lz-string' }
7 silly lockFile 7e784b84-lz-string lz-string
8 verbose lock lz-string /data/home/davidzhou/.npm/7e784b84-lz-string.lock
9 silly lockFile 7e784b84-lz-string lz-string
10 silly lockFile 7e784b84-lz-string lz-string
11 verbose addNamed [ 'lz-string', '' ]
12 verbose addNamed [ null, '*' ]
13 silly lockFile 0206d0cd-lz-string lz-string@
14 verbose lock lz-string@ /data/home/davidzhou/.npm/0206d0cd-lz-string.lock
15 silly addNameRange { name: 'lz-string', range: '*', hasData: false }
16 verbose url raw lz-string
17 verbose url resolving [ 'https://registry.npmjs.org/', './lz-string' ]
18 verbose url resolved https://registry.npmjs.org/lz-string
19 info trying registry request attempt 1 at 15:07:42
20 verbose etag "70WH5CINMV8C1AZNAIMJLZL4Y"
21 http GET https://registry.npmjs.org/lz-string
22 http 304 https://registry.npmjs.org/lz-string
23 silly registry.get cb [ 304,
23 silly registry.get   { date: 'Fri, 23 Sep 2016 07:10:46 GMT',
23 silly registry.get     via: '1.1 varnish',
23 silly registry.get     'cache-control': 'max-age=300',
23 silly registry.get     etag: '"70WH5CINMV8C1AZNAIMJLZL4Y"',
23 silly registry.get     age: '0',
23 silly registry.get     connection: 'keep-alive',
23 silly registry.get     'x-served-by': 'cache-ams4421-AMS',
23 silly registry.get     'x-cache': 'MISS',
23 silly registry.get     'x-cache-hits': '0',
23 silly registry.get     'x-timer': 'S1474614646.120115,VS0,VE735',
23 silly registry.get     vary: 'Accept-Encoding' } ]
24 verbose etag lz-string from cache
25 silly addNameRange number 2 { name: 'lz-string', range: '*', hasData: true }
26 silly addNameRange versions [ 'lz-string',
26 silly addNameRange   [ '1.3.3',
26 silly addNameRange     '1.3.5',
26 silly addNameRange     '1.3.6',
26 silly addNameRange     '1.4.0',
26 silly addNameRange     '1.4.1',
26 silly addNameRange     '1.4.2',
26 silly addNameRange     '1.4.3',
26 silly addNameRange     '1.4.4' ] ]
27 verbose addNamed [ 'lz-string', '1.4.4' ]
28 verbose addNamed [ '1.4.4', '1.4.4' ]
29 silly lockFile 4fa8bf45-lz-string-1-4-4 lz-string@1.4.4
30 verbose lock lz-string@1.4.4 /data/home/davidzhou/.npm/4fa8bf45-lz-string-1-4-4.lock
31 silly lockFile 4fa8bf45-lz-string-1-4-4 lz-string@1.4.4
32 silly lockFile 4fa8bf45-lz-string-1-4-4 lz-string@1.4.4
33 silly lockFile 0206d0cd-lz-string lz-string@
34 silly lockFile 0206d0cd-lz-string lz-string@
35 silly resolved [ { name: 'lz-string',
35 silly resolved     version: '1.4.4',
35 silly resolved     license: 'WTFPL',
35 silly resolved     filename: 'lz-string.js',
35 silly resolved     description: 'LZ-based compression algorithm',
35 silly resolved     homepage: 'http://pieroxy.net/blog/pages/lz-string/index.html',
35 silly resolved     keywords: [ 'lz', 'compression', 'string' ],
35 silly resolved     main: 'libs/lz-string.js',
35 silly resolved     bin: { 'lz-string': 'bin/bin.js' },
35 silly resolved     scripts: {},
35 silly resolved     dependencies: {},
35 silly resolved     devDependencies: {},
35 silly resolved     repository: { type: 'git', url: 'https://github.com/pieroxy/lz-string.git' },
35 silly resolved     bugs: { url: 'https://github.com/pieroxy/lz-string/issues' },
35 silly resolved     directories: { test: 'tests' },
35 silly resolved     author: { name: 'pieroxy', email: 'pieroxy@pieroxy.net' },
35 silly resolved     autoupdate:
35 silly resolved      { source: 'git',
35 silly resolved        target: 'git://github.com/pieroxy/lz-string.git',
35 silly resolved        basePath: 'libs/',
35 silly resolved        files: [Object] },
35 silly resolved     readme: 'lz-string\n=========\nLZ-based compression algorithm for JavaScript\n\n## Warning (migrating from version 1.3.4 - nov 2014)\nFiles have changed locations and name since a recent release. The new release file is in `libs/lz-string.min.js` (or in `libs/lz-string.js` if you don\'t care for the minified version)\n\nSorry about the mess in other repos. This will not happen again.\n\n## Install via [npm](https://npmjs.org/)\n\n```shell\n$ npm install -g lz-string\n$ lz-string input.js > output.txt\n```\n\n## Home page\nHome page for this program with examples, documentation and a live demo: http://pieroxy.net/blog/pages/lz-string/index.html\n',
35 silly resolved     readmeFilename: 'README.md',
35 silly resolved     _id: 'lz-string@1.4.4',
35 silly resolved     _from: 'lz-string@' } ]
36 info install lz-string@1.4.4 into /usr/lib
37 info installOne lz-string@1.4.4
38 info /usr/lib/node_modules/lz-string unbuild
39 verbose tar unpack /data/home/davidzhou/.npm/lz-string/1.4.4/package.tgz
40 silly lockFile 080f80d3-r-usr-lib-node-modules-lz-string tar:///usr/lib/node_modules/lz-string
41 verbose lock tar:///usr/lib/node_modules/lz-string /data/home/davidzhou/.npm/080f80d3-r-usr-lib-node-modules-lz-string.lock
42 silly lockFile a29a7f6e--npm-lz-string-1-4-4-package-tgz tar:///data/home/davidzhou/.npm/lz-string/1.4.4/package.tgz
43 verbose lock tar:///data/home/davidzhou/.npm/lz-string/1.4.4/package.tgz /data/home/davidzhou/.npm/a29a7f6e--npm-lz-string-1-4-4-package-tgz.lock
44 silly gunzTarPerm modes [ '755', '644' ]
45 error Error: EACCES, mkdir '/usr/lib/node_modules/lz-string'
45 error  { [Error: EACCES, mkdir '/usr/lib/node_modules/lz-string']
45 error   errno: 3,
45 error   code: 'EACCES',
45 error   path: '/usr/lib/node_modules/lz-string',
45 error   fstream_type: 'Directory',
45 error   fstream_path: '/usr/lib/node_modules/lz-string',
45 error   fstream_class: 'DirWriter',
45 error   fstream_stack:
45 error    [ '/usr/lib/node_modules/fstream/lib/dir-writer.js:36:23',
45 error      '/usr/lib/node_modules/mkdirp/index.js:37:53',
45 error      'Object.oncomplete (fs.js:108:15)' ] }
46 error Please try running this command again as root/Administrator.
47 error System Linux 3.10.0-327.el7.x86_64
48 error command "node" "/usr/bin/npm" "install" "-g" "lz-string"
49 error cwd /data/home/davidzhou/acquaintance
50 error node -v v0.10.42
51 error npm -v 1.3.6
52 error path /usr/lib/node_modules/lz-string
53 error fstream_path /usr/lib/node_modules/lz-string
54 error fstream_type Directory
55 error fstream_class DirWriter
56 error code EACCES
57 error errno 3
58 error stack Error: EACCES, mkdir '/usr/lib/node_modules/lz-string'
59 error fstream_stack /usr/lib/node_modules/fstream/lib/dir-writer.js:36:23
59 error fstream_stack /usr/lib/node_modules/mkdirp/index.js:37:53
59 error fstream_stack Object.oncomplete (fs.js:108:15)
60 verbose exit [ 3, true ]
